<?xml version="1.0" encoding="UTF-8"?>
<!-- Generated by org.testng.reporters.JUnitReportReporter -->
<testsuite hostname="thanhvc-w7" name="com.vsii.cstar.testcase.testOnly" tests="1" failures="0" timestamp="4 May 2016 04:17:22 GMT" time="21.477" errors="0">
  <testcase name="t" time="21.477" classname="com.vsii.cstar.testcase.testOnly"/>
</testsuite> <!-- com.vsii.cstar.testcase.testOnly -->
