<?xml version="1.0" encoding="UTF-8"?>
<!-- Generated by org.testng.reporters.JUnitReportReporter -->
<testsuite hostname="thanhvc-w7" name="com.vsii.cstar.testcase.testOnly" tests="1" failures="0" timestamp="6 May 2016 09:55:55 GMT" time="1182.529" errors="0">
  <testcase name="t" time="1182.529" classname="com.vsii.cstar.testcase.testOnly"/>
</testsuite> <!-- com.vsii.cstar.testcase.testOnly -->
