<?xml version="1.0" encoding="UTF-8"?>
<!-- Generated by org.testng.reporters.JUnitReportReporter -->
<testsuite hostname="thanhvc-w7" name="com.vsii.cstar.testcase.VerifyItemsInSelectedProductSet" tests="1" failures="0" timestamp="5 May 2016 08:58:14 GMT" time="180.087" errors="0">
  <testcase name="t" time="180.087" classname="com.vsii.cstar.testcase.VerifyItemsInSelectedProductSet"/>
</testsuite> <!-- com.vsii.cstar.testcase.VerifyItemsInSelectedProductSet -->
