<?xml version="1.0" encoding="UTF-8"?>
<!-- Generated by org.testng.reporters.JUnitReportReporter -->
<testsuite hostname="thanhvc-w7" name="com.vsii.cstar.testcase.VerifyScreeningsAppointments" tests="1" failures="0" timestamp="28 Apr 2016 08:11:35 GMT" time="34.350" errors="0">
  <testcase name="f" time="34.350" classname="com.vsii.cstar.testcase.VerifyScreeningsAppointments"/>
</testsuite> <!-- com.vsii.cstar.testcase.VerifyScreeningsAppointments -->
