<?xml version="1.0" encoding="UTF-8"?>
<!-- Generated by org.testng.reporters.JUnitReportReporter -->
<testsuite hostname="thanhvc-w7" name="com.vsii.cstar.testcase.VerifySiteInfoTab" tests="1" failures="0" timestamp="10 May 2016 03:11:35 GMT" time="71.557" errors="0">
  <testcase name="f" time="71.557" classname="com.vsii.cstar.testcase.VerifySiteInfoTab"/>
</testsuite> <!-- com.vsii.cstar.testcase.VerifySiteInfoTab -->
