<?xml version="1.0" encoding="UTF-8"?>
<!-- Generated by org.testng.reporters.JUnitReportReporter -->
<testsuite hostname="thanhvc-w7" name="com.vsii.cstar.pages.methods.VerifyScreeningsAppointments" tests="1" failures="0" timestamp="28 Apr 2016 03:43:47 GMT" time="31.742" errors="0">
  <testcase name="f" time="31.742" classname="com.vsii.cstar.pages.methods.VerifyScreeningsAppointments"/>
</testsuite> <!-- com.vsii.cstar.pages.methods.VerifyScreeningsAppointments -->
