<?xml version="1.0" encoding="UTF-8"?>
<!-- Generated by org.testng.reporters.JUnitReportReporter -->
<testsuite hostname="thanhvc-w7" name="com.vsii.cstar.testcase.VerifyScreeningsAppointments" tests="1" failures="0" timestamp="29 Apr 2016 03:30:19 GMT" time="44.946" errors="0">
  <testcase name="VerifyScreeningAppointments" time="44.946" classname="com.vsii.cstar.testcase.VerifyScreeningsAppointments"/>
</testsuite> <!-- com.vsii.cstar.testcase.VerifyScreeningsAppointments -->
