<?xml version="1.0" encoding="UTF-8"?>
<!-- Generated by org.testng.reporters.JUnitReportReporter -->
<testsuite hostname="thanhvc-w7" name="com.vsii.cstar.testcase.VerifyAccountingTab" tests="1" failures="0" timestamp="12 May 2016 11:26:26 GMT" time="50.660" errors="0">
  <testcase name="f" time="50.660" classname="com.vsii.cstar.testcase.VerifyAccountingTab"/>
</testsuite> <!-- com.vsii.cstar.testcase.VerifyAccountingTab -->
