<?xml version="1.0" encoding="UTF-8"?>
<!-- Generated by org.testng.reporters.JUnitReportReporter -->
<testsuite hostname="thanhvc-w7" name="com.vsii.cstar.testcase.VerifyScreeningsAppointments2" tests="1" failures="0" timestamp="5 May 2016 07:48:37 GMT" time="26.632" errors="0">
  <testcase name="VerifyScreeningAppointments" time="26.632" classname="com.vsii.cstar.testcase.VerifyScreeningsAppointments2"/>
</testsuite> <!-- com.vsii.cstar.testcase.VerifyScreeningsAppointments2 -->
