<?xml version="1.0" encoding="UTF-8"?>
<!-- Generated by org.testng.reporters.JUnitReportReporter -->
<testsuite hostname="thanhvc-w7" name="com.vsii.cstar.testcase.UpdateSiteInfo" tests="1" failures="0" timestamp="5 May 2016 07:43:20 GMT" time="44.569" errors="0">
  <testcase name="f" time="44.569" classname="com.vsii.cstar.testcase.UpdateSiteInfo"/>
</testsuite> <!-- com.vsii.cstar.testcase.UpdateSiteInfo -->
