<?xml version="1.0" encoding="UTF-8"?>
<!-- Generated by org.testng.reporters.JUnitReportReporter -->
<testsuite hostname="thanhvc-w7" name="com.vsii.cstar.testcase.testOnly2" tests="1" failures="0" timestamp="12 May 2016 03:51:57 GMT" time="0.018" errors="0">
  <testcase name="t" time="0.018" classname="com.vsii.cstar.testcase.testOnly2"/>
</testsuite> <!-- com.vsii.cstar.testcase.testOnly2 -->
